[2026-01-20T12:36:56.983Z] [INFO] Starting scrape for: https://id.shp.ee/EMd8qqS 
[2026-01-20T12:36:56.988Z] [INFO] Launching Puppeteer browser... 
[2026-01-20T12:36:56.996Z] [ERROR] Scrape Error: Could not find Chrome (ver. 143.0.7499.192). This can occur if either
 1. you did not perform an installation before running the script (e.g. `npx puppeteer browsers install chrome`) or
 2. your cache path is incorrectly configured (which is: C:\Users\Administrator\.cache\puppeteer).
For (2), check out our guide on configuring puppeteer at https://pptr.dev/guides/configuration. {"stack":"Error: Could not find Chrome (ver. 143.0.7499.192). This can occur if either\n 1. you did not perform an installation before running the script (e.g. `npx puppeteer browsers install chrome`) or\n 2. your cache path is incorrectly configured (which is: C:\\Users\\Administrator\\.cache\\puppeteer).\nFor (2), check out our guide on configuring puppeteer at https://pptr.dev/guides/configuration.\n    at ChromeLauncher.resolveExecutablePath (\\\\wsl.localhost\\Ubuntu-22.04\\home\\alice\\Randompulse-Landingpage\\node_modules\\puppeteer-core\\lib\\cjs\\puppeteer\\node\\BrowserLauncher.js:333:27)\n    at ChromeLauncher.computeLaunchArguments (\\\\wsl.localhost\\Ubuntu-22.04\\home\\alice\\Randompulse-Landingpage\\node_modules\\puppeteer-core\\lib\\cjs\\puppeteer\\node\\ChromeLauncher.js:94:24)\n    at async ChromeLauncher.launch (\\\\wsl.localhost\\Ubuntu-22.04\\home\\alice\\Randompulse-Landingpage\\node_modules\\puppeteer-core\\lib\\cjs\\puppeteer\\node\\BrowserLauncher.js:85:28)\n    at async launchBrowser (\\\\wsl.localhost\\Ubuntu-22.04\\home\\alice\\Randompulse-Landingpage\\server\\services\\scrapeService.js:8:12)\n    at async scrapeUrl (\\\\wsl.localhost\\Ubuntu-22.04\\home\\alice\\Randompulse-Landingpage\\server\\services\\scrapeService.js:128:19)\n    at async [eval]:1:264"}
[2026-01-20T12:36:57.002Z] [INFO] Starting scrape for: https://tk.tokopedia.com/ZSaYDT245/ 
[2026-01-20T12:36:57.009Z] [INFO] Launching Puppeteer browser... 
[2026-01-20T12:36:57.015Z] [ERROR] Scrape Error: Could not find Chrome (ver. 143.0.7499.192). This can occur if either
 1. you did not perform an installation before running the script (e.g. `npx puppeteer browsers install chrome`) or
 2. your cache path is incorrectly configured (which is: C:\Users\Administrator\.cache\puppeteer).
For (2), check out our guide on configuring puppeteer at https://pptr.dev/guides/configuration. {"stack":"Error: Could not find Chrome (ver. 143.0.7499.192). This can occur if either\n 1. you did not perform an installation before running the script (e.g. `npx puppeteer browsers install chrome`) or\n 2. your cache path is incorrectly configured (which is: C:\\Users\\Administrator\\.cache\\puppeteer).\nFor (2), check out our guide on configuring puppeteer at https://pptr.dev/guides/configuration.\n    at ChromeLauncher.resolveExecutablePath (\\\\wsl.localhost\\Ubuntu-22.04\\home\\alice\\Randompulse-Landingpage\\node_modules\\puppeteer-core\\lib\\cjs\\puppeteer\\node\\BrowserLauncher.js:333:27)\n    at ChromeLauncher.computeLaunchArguments (\\\\wsl.localhost\\Ubuntu-22.04\\home\\alice\\Randompulse-Landingpage\\node_modules\\puppeteer-core\\lib\\cjs\\puppeteer\\node\\ChromeLauncher.js:94:24)\n    at async ChromeLauncher.launch (\\\\wsl.localhost\\Ubuntu-22.04\\home\\alice\\Randompulse-Landingpage\\node_modules\\puppeteer-core\\lib\\cjs\\puppeteer\\node\\BrowserLauncher.js:85:28)\n    at async launchBrowser (\\\\wsl.localhost\\Ubuntu-22.04\\home\\alice\\Randompulse-Landingpage\\server\\services\\scrapeService.js:8:12)\n    at async scrapeUrl (\\\\wsl.localhost\\Ubuntu-22.04\\home\\alice\\Randompulse-Landingpage\\server\\services\\scrapeService.js:128:19)\n    at async [eval]:1:264"}
[2026-01-20T12:36:57.021Z] [INFO] Starting scrape for: https://vt.tokopedia.com/t/ZSHoqHN39JrCq-vWsl0/ 
[2026-01-20T12:36:57.026Z] [INFO] Launching Puppeteer browser... 
[2026-01-20T12:36:57.032Z] [ERROR] Scrape Error: Could not find Chrome (ver. 143.0.7499.192). This can occur if either
 1. you did not perform an installation before running the script (e.g. `npx puppeteer browsers install chrome`) or
 2. your cache path is incorrectly configured (which is: C:\Users\Administrator\.cache\puppeteer).
For (2), check out our guide on configuring puppeteer at https://pptr.dev/guides/configuration. {"stack":"Error: Could not find Chrome (ver. 143.0.7499.192). This can occur if either\n 1. you did not perform an installation before running the script (e.g. `npx puppeteer browsers install chrome`) or\n 2. your cache path is incorrectly configured (which is: C:\\Users\\Administrator\\.cache\\puppeteer).\nFor (2), check out our guide on configuring puppeteer at https://pptr.dev/guides/configuration.\n    at ChromeLauncher.resolveExecutablePath (\\\\wsl.localhost\\Ubuntu-22.04\\home\\alice\\Randompulse-Landingpage\\node_modules\\puppeteer-core\\lib\\cjs\\puppeteer\\node\\BrowserLauncher.js:333:27)\n    at ChromeLauncher.computeLaunchArguments (\\\\wsl.localhost\\Ubuntu-22.04\\home\\alice\\Randompulse-Landingpage\\node_modules\\puppeteer-core\\lib\\cjs\\puppeteer\\node\\ChromeLauncher.js:94:24)\n    at async ChromeLauncher.launch (\\\\wsl.localhost\\Ubuntu-22.04\\home\\alice\\Randompulse-Landingpage\\node_modules\\puppeteer-core\\lib\\cjs\\puppeteer\\node\\BrowserLauncher.js:85:28)\n    at async launchBrowser (\\\\wsl.localhost\\Ubuntu-22.04\\home\\alice\\Randompulse-Landingpage\\server\\services\\scrapeService.js:8:12)\n    at async scrapeUrl (\\\\wsl.localhost\\Ubuntu-22.04\\home\\alice\\Randompulse-Landingpage\\server\\services\\scrapeService.js:128:19)\n    at async [eval]:1:264"}
[2026-01-20T12:39:26.554Z] [INFO] Starting scrape for: https://id.shp.ee/EMd8qqS 
[2026-01-20T12:39:26.610Z] [INFO] Launching Puppeteer browser... 
[2026-01-20T12:39:51.935Z] [INFO] Navigating to Page... 
[2026-01-20T12:39:53.264Z] [INFO] Page Navigation Complete (DOM Content Loaded) 
[2026-01-20T12:40:27.215Z] [INFO] Debug screenshot saved: \\wsl.localhost\Ubuntu-22.04\home\alice\Randompulse-Landingpage\server\public\debug.png 
[2026-01-20T12:40:27.230Z] [INFO] Final URL: https://shopee.co.id/product/1107924286/27338426218?d_id=c3123&uls_trackid=54nolcqr01rb&utm_content=41VkqwguwWSURTt5GrTyatFDLwy1 
[2026-01-20T12:40:27.246Z] [INFO] Analyzing Shopee page... 
[2026-01-20T12:40:42.277Z] [WARN] Shopee selector timeout (might still have JSON-LD) 
[2026-01-20T12:40:42.305Z] [INFO] Scraping Result: {"title":"","description":"","image":"","price":"","isUnavailable":false}
[2026-01-20T12:40:42.319Z] [INFO] Closing Browser... 
[2026-01-20T12:40:42.780Z] [INFO] Starting scrape for: https://tk.tokopedia.com/ZSaYDT245/ 
[2026-01-20T12:40:42.786Z] [INFO] Launching Puppeteer browser... 
[2026-01-20T12:40:43.678Z] [INFO] Navigating to Page... 
[2026-01-20T12:41:13.376Z] [INFO] Page Navigation Complete (DOM Content Loaded) 
[2026-01-20T12:41:30.653Z] [INFO] Debug screenshot saved: \\wsl.localhost\Ubuntu-22.04\home\alice\Randompulse-Landingpage\server\public\debug.png 
[2026-01-20T12:41:30.659Z] [INFO] Final URL: https://www.tokopedia.com/acecom22/ram-kingston-longdimm-pc-ddr4-16gb-pc-21300-2666mhz-1731358876536833120?aff_unique_id=VjgEDra3bnLP9OF21Ku1JdlqQXOZHHyIKEFM4cQ2UxrvYc0TQ3iOlf70qGS1DPDcdbMIRTA%3D&channel=salinlink&utm_source=salinlink&utm_medium=affiliate-share&utm_campaign=affiliateshare-pdp-VjgEDra3bnLP9OF21Ku1JdlqQXOZHHyIKEFM4cQ2UxrvYc0TQ3iOlf70qGS1DPDcdbMIRTA%3D-598193298-0-200126&scene=pdp&chain_key=%7B%22t%22%3A1%2C%22k%22%3A%22000000000000000007597391361327417108%22%2C%22sc%22%3A%22salinlink%22%7D 
[2026-01-20T12:41:30.664Z] [INFO] Analyzing Tokopedia page... 
[2026-01-20T12:41:30.679Z] [INFO] Tokopedia selector found! 
[2026-01-20T12:44:36.058Z] [INFO] Starting scrape for: https://id.shp.ee/EMd8qqS 
[2026-01-20T12:44:36.064Z] [INFO] Launching Puppeteer browser... 
[2026-01-20T12:44:36.953Z] [INFO] Navigating to Page... 
[2026-01-20T12:44:37.797Z] [INFO] Page Navigation Complete (DOM Content Loaded) 
[2026-01-20T12:45:11.538Z] [INFO] Debug screenshot saved: \\wsl.localhost\Ubuntu-22.04\home\alice\Randompulse-Landingpage\server\public\debug.png 
[2026-01-20T12:45:11.542Z] [INFO] Final URL: https://shopee.co.id/product/1107924286/27338426218?d_id=c3123&uls_trackid=54nom8k000q6&utm_content=41VkqwguwWSURTt5GrTyatFDLwy1 
[2026-01-20T12:45:11.562Z] [INFO] Analyzing Shopee page... 
[2026-01-20T12:45:26.575Z] [WARN] Shopee selector timeout (might still have JSON-LD) 
[2026-01-20T12:45:27.045Z] [WARN] Shopee API fetch failed: Request failed with status code 403 
[2026-01-20T12:45:27.059Z] [INFO] Scraping Result: {"title":"","description":"","image":"","price":"","isUnavailable":false}
[2026-01-20T12:45:27.084Z] [INFO] Closing Browser... 
[2026-01-20T12:46:59.544Z] [INFO] Starting scrape for: https://id.shp.ee/EMd8qqS 
[2026-01-20T12:46:59.550Z] [INFO] Launching Puppeteer browser... 
[2026-01-20T12:47:00.470Z] [INFO] Navigating to Page... 
[2026-01-20T12:47:01.248Z] [INFO] Page Navigation Complete (DOM Content Loaded) 
[2026-01-20T12:47:35.094Z] [INFO] Debug screenshot saved: \\wsl.localhost\Ubuntu-22.04\home\alice\Randompulse-Landingpage\server\public\debug.png 
[2026-01-20T12:47:35.111Z] [INFO] Final URL: https://shopee.co.id/product/1107924286/27338426218?d_id=c3123&uls_trackid=54nommk703pm&utm_content=41VkqwguwWSURTt5GrTyatFDLwy1 
[2026-01-20T12:47:35.124Z] [INFO] Analyzing Shopee page... 
[2026-01-20T12:47:50.147Z] [WARN] Shopee selector timeout (might still have JSON-LD) 
[2026-01-20T12:47:50.485Z] [WARN] Shopee API fetch failed: Request failed with status code 403 
[2026-01-20T12:47:51.051Z] [INFO] Scraping Result: {"title":"","description":"","image":"","price":"","isUnavailable":false}
[2026-01-20T12:47:51.055Z] [INFO] Closing Browser... 
[2026-01-20T12:48:45.870Z] [INFO] Starting scrape for: https://id.shp.ee/EMd8qqS 
[2026-01-20T12:48:45.876Z] [INFO] Launching Puppeteer browser... 
[2026-01-20T12:48:46.790Z] [INFO] Navigating to Page... 
[2026-01-20T12:48:57.103Z] [INFO] Page Navigation Complete (networkidle2) 
[2026-01-20T12:49:16.131Z] [INFO] Debug screenshot saved: \\wsl.localhost\Ubuntu-22.04\home\alice\Randompulse-Landingpage\server\public\debug.png 
[2026-01-20T12:49:16.137Z] [INFO] Final URL: https://shopee.co.id/verify/traffic/error?home_url=https%3A%2F%2Fshopee.co.id&is_logged_in=false&tracking_id=6708af4c69f-e881-4110-ade2-6e6de53a3548 
[2026-01-20T12:49:16.158Z] [INFO] Analyzing Shopee page... 
[2026-01-20T12:49:31.180Z] [WARN] Shopee selector timeout (might still have JSON-LD) 
[2026-01-20T12:49:31.205Z] [ERROR] Scrape Error: Halaman Tidak Tersedia (Anti-Bot detected) {"stack":"Error: Halaman Tidak Tersedia (Anti-Bot detected)\n    at scrapeUrl (\\\\wsl.localhost\\Ubuntu-22.04\\home\\alice\\Randompulse-Landingpage\\server\\services\\scrapeService.js:331:19)\n    at async [eval]:1:86"}
[2026-01-20T12:49:31.219Z] [INFO] Closing Browser... 
[2026-01-20T12:50:14.509Z] [INFO] Starting scrape for: https://tk.tokopedia.com/ZSaYDT245/ 
[2026-01-20T12:50:14.517Z] [INFO] Launching Puppeteer browser... 
[2026-01-20T12:50:15.731Z] [INFO] Navigating to Page... 
[2026-01-20T12:51:15.743Z] [ERROR] Scrape Error: Navigation timeout of 60000 ms exceeded {"stack":"TimeoutError: Navigation timeout of 60000 ms exceeded\n    at new Deferred (\\\\wsl.localhost\\Ubuntu-22.04\\home\\alice\\Randompulse-Landingpage\\node_modules\\puppeteer-core\\lib\\cjs\\puppeteer\\util\\Deferred.js:60:34)\n    at Deferred.create (\\\\wsl.localhost\\Ubuntu-22.04\\home\\alice\\Randompulse-Landingpage\\node_modules\\puppeteer-core\\lib\\cjs\\puppeteer\\util\\Deferred.js:21:16)\n    at new LifecycleWatcher (\\\\wsl.localhost\\Ubuntu-22.04\\home\\alice\\Randompulse-Landingpage\\node_modules\\puppeteer-core\\lib\\cjs\\puppeteer\\cdp\\LifecycleWatcher.js:73:60)\n    at CdpFrame.goto (\\\\wsl.localhost\\Ubuntu-22.04\\home\\alice\\Randompulse-Landingpage\\node_modules\\puppeteer-core\\lib\\cjs\\puppeteer\\cdp\\Frame.js:149:29)\n    at CdpFrame.<anonymous> (\\\\wsl.localhost\\Ubuntu-22.04\\home\\alice\\Randompulse-Landingpage\\node_modules\\puppeteer-core\\lib\\cjs\\puppeteer\\util\\decorators.js:109:27)\n    at CdpPage.goto (\\\\wsl.localhost\\Ubuntu-22.04\\home\\alice\\Randompulse-Landingpage\\node_modules\\puppeteer-core\\lib\\cjs\\puppeteer\\api\\Page.js:580:43)\n    at scrapeUrl (\\\\wsl.localhost\\Ubuntu-22.04\\home\\alice\\Randompulse-Landingpage\\server\\services\\scrapeService.js:259:20)\n    at async [eval]:1:86"}
[2026-01-20T12:51:15.761Z] [INFO] Closing Browser... 
[2026-01-20T12:52:23.391Z] [INFO] Starting scrape for: https://id.shp.ee/EMd8qqS 
[2026-01-20T12:52:23.396Z] [INFO] Launching Puppeteer browser... 
[2026-01-20T12:52:24.279Z] [INFO] Navigating to Page... 
[2026-01-20T12:52:25.633Z] [INFO] Page Navigation Complete (DOM Content Loaded) 
[2026-01-20T12:52:37.143Z] [INFO] Debug screenshot saved: \\wsl.localhost\Ubuntu-22.04\home\alice\Randompulse-Landingpage\server\public\debug.png 
[2026-01-20T12:52:37.156Z] [INFO] Final URL: https://shopee.co.id/verify/traffic/error?home_url=https%3A%2F%2Fshopee.co.id&is_logged_in=false&tracking_id=124db74978a-6525-460a-8f9c-770923a95176 
[2026-01-20T12:52:37.169Z] [INFO] Analyzing Shopee page... 
[2026-01-20T12:52:52.200Z] [WARN] Shopee selector timeout (might still have JSON-LD) 
[2026-01-20T12:52:52.224Z] [ERROR] Scrape Error: Halaman Tidak Tersedia (Anti-Bot detected) {"stack":"Error: Halaman Tidak Tersedia (Anti-Bot detected)\n    at scrapeUrl (\\\\wsl.localhost\\Ubuntu-22.04\\home\\alice\\Randompulse-Landingpage\\server\\services\\scrapeService.js:363:19)\n    at async [eval]:1:86"}
[2026-01-20T12:52:52.239Z] [INFO] Closing Browser... 
[2026-01-20T12:54:14.366Z] [INFO] Starting scrape for: https://tk.tokopedia.com/ZSaYDT245/ 
[2026-01-20T12:54:14.373Z] [INFO] Launching Puppeteer browser... 
[2026-01-20T12:54:15.462Z] [INFO] Navigating to Page... 
[2026-01-20T12:54:22.295Z] [INFO] Page Navigation Complete (DOM Content Loaded) 
[2026-01-20T12:54:39.865Z] [INFO] Debug screenshot saved: \\wsl.localhost\Ubuntu-22.04\home\alice\Randompulse-Landingpage\server\public\debug.png 
[2026-01-20T12:54:39.877Z] [INFO] Final URL: https://www.tokopedia.com/acecom22/ram-kingston-longdimm-pc-ddr4-16gb-pc-21300-2666mhz-1731358876536833120?aff_unique_id=VjgEDra3bnLP9OF21Ku1JdlqQXOZHHyIKEFM4cQ2UxrvYc0TQ3iOlf70qGS1DPDcdbMIRTA%3D&channel=salinlink&utm_source=salinlink&utm_medium=affiliate-share&utm_campaign=affiliateshare-pdp-VjgEDra3bnLP9OF21Ku1JdlqQXOZHHyIKEFM4cQ2UxrvYc0TQ3iOlf70qGS1DPDcdbMIRTA%3D-598193298-0-200126&scene=pdp&chain_key=%7B%22t%22%3A1%2C%22k%22%3A%22000000000000000007597391361327417108%22%2C%22sc%22%3A%22salinlink%22%7D 
[2026-01-20T12:54:39.888Z] [INFO] Analyzing Tokopedia page... 
[2026-01-20T12:54:39.917Z] [INFO] Tokopedia selector found! 
[2026-01-20T12:54:39.928Z] [INFO] Scraping Result: {"title":"RAM KINGSTON LONGDIMM / PC DDR4 16GB PC 21300 / 2666MHz","description":"Beli RAM KINGSTON LONGDIMM / PC DDR4 16GB PC 21300 / 2666MHz di ACECOMPUTER_NEW. Bebas ongkir dan promo khusus pengguna baru di aplikasi Tokopedia!","image":"https://p16-images-sign-sg.tokopedia-static.net/tos-alisg-i-aphluv4xwc-sg/img/product-1/2020/8/15/598193298/598193298_b74e8ed1-4137-419b-badf-c885a2285aeb_1024_1024.jpg~tplv-aphluv4xwc-resize-jpeg:700:0.jpeg?lk3s=0ccea506&x-expires=1768924445&x-signature=KsFWszMkAZHTsKf0Y9yL3tVEm4E%3D&x-signature-webp=wKpcdHq3SIxaIu4Z4s9uxR%2BoHeg%3D","price":"Rp1.500.000"}
[2026-01-20T12:54:39.937Z] [INFO] Closing Browser... 
[2026-01-20T12:55:07.832Z] [INFO] Starting scrape for: https://vt.tokopedia.com/t/ZSHoqHN39JrCq-vWsl0/ 
[2026-01-20T12:55:07.838Z] [INFO] Launching Puppeteer browser... 
[2026-01-20T12:55:08.771Z] [INFO] Navigating to Page... 
[2026-01-20T12:56:08.790Z] [ERROR] Scrape Error: Navigation timeout of 60000 ms exceeded {"stack":"TimeoutError: Navigation timeout of 60000 ms exceeded\n    at new Deferred (\\\\wsl.localhost\\Ubuntu-22.04\\home\\alice\\Randompulse-Landingpage\\node_modules\\puppeteer-core\\lib\\cjs\\puppeteer\\util\\Deferred.js:60:34)\n    at Deferred.create (\\\\wsl.localhost\\Ubuntu-22.04\\home\\alice\\Randompulse-Landingpage\\node_modules\\puppeteer-core\\lib\\cjs\\puppeteer\\util\\Deferred.js:21:16)\n    at new LifecycleWatcher (\\\\wsl.localhost\\Ubuntu-22.04\\home\\alice\\Randompulse-Landingpage\\node_modules\\puppeteer-core\\lib\\cjs\\puppeteer\\cdp\\LifecycleWatcher.js:73:60)\n    at CdpFrame.goto (\\\\wsl.localhost\\Ubuntu-22.04\\home\\alice\\Randompulse-Landingpage\\node_modules\\puppeteer-core\\lib\\cjs\\puppeteer\\cdp\\Frame.js:149:29)\n    at CdpFrame.<anonymous> (\\\\wsl.localhost\\Ubuntu-22.04\\home\\alice\\Randompulse-Landingpage\\node_modules\\puppeteer-core\\lib\\cjs\\puppeteer\\util\\decorators.js:109:27)\n    at CdpPage.goto (\\\\wsl.localhost\\Ubuntu-22.04\\home\\alice\\Randompulse-Landingpage\\node_modules\\puppeteer-core\\lib\\cjs\\puppeteer\\api\\Page.js:580:43)\n    at scrapeUrl (\\\\wsl.localhost\\Ubuntu-22.04\\home\\alice\\Randompulse-Landingpage\\server\\services\\scrapeService.js:291:20)\n    at async [eval]:1:86"}
[2026-01-20T12:56:08.799Z] [INFO] Closing Browser... 
[2026-01-20T12:58:44.059Z] [INFO] Starting scrape for: https://vt.tokopedia.com/t/ZSHoqHN39JrCq-vWsl0/ 
[2026-01-20T12:58:44.065Z] [INFO] Launching Puppeteer browser... 
[2026-01-20T12:58:45.141Z] [INFO] Navigating to Page... 
[2026-01-20T12:58:46.880Z] [INFO] Page Navigation Complete (DOM Content Loaded) 
[2026-01-20T12:59:19.285Z] [INFO] Debug screenshot saved: \\wsl.localhost\Ubuntu-22.04\home\alice\Randompulse-Landingpage\server\public\debug.png 
[2026-01-20T12:59:19.290Z] [INFO] Final URL: https://shop-id.tokopedia.com/view/product/1729588042869475489?_svg=1&chain_key=%7B%22t%22%3A1%2C%22k%22%3A%22000000000000000007597392057892407060%22%2C%22sc%22%3A%22copy%22%7D&checksum=dc15466103d0380bded40f18afe7e9561f7809f5da63866accf35bd0a4cb25ef&encode_params=MIIBUwQMyywlgqtG1jwqKoGqBIIBLwxXzE2pb-0APJcl0rion0QKYSNIiwQFAYaZpkeHHRHFkjH4r6X9VoR1YyStwgZ5hSzhCAbBfDvkuqiBghHC7Wf1kvw-3RSp5axnM7fQEPVEKwCeb3b7LkIa3M-m2aRZpV_sJ-ssxuB94g89S6Mgezs8bCMlYhay0DEzyZBKXf_Yd3MpRClbDMcwqlD2blKkRKdfROOVjonWNYSHj0dNmngKVUYF16G6hZiKJeEk8W1rdLKPRCLNUiv26CFLV8sDOUx1qmwIklL1d5UQtmoWeecodqcTEuOaEvtQw_8_rKkvfB7Gt0ZkpbegP7S7DQVyX-Ek2r0yMoQnmMoYpMJ4uNRRDKsxCi7d0uN0GqVuCNsBcotKkV9K2-8dSlqN3yMSiOEs6mkBovozd-wFxycycgQQfDWHIdB_GDHYBlTkpdVyMg%3D%3D&og_info=%7B%22title%22%3A%22WTD+%5B28-44%5D+Celana+Cargo+Panjang+Pria+Dan+Wanita+Dewasa+Murah+Model+Slimfit%22%2C%22image%22%3A%22https%3A%5C%2F%5C%2Fp16-oec-va.ibyteimg.com%5C%2Ftos-maliva-i-o3syd03w52-us%5C%2F42a2f51fb3af4a0d969f6c152c0eec02~tplv-o3syd03w52-resize-webp%3A260%3A260.webp%3Fdr%3D15582%26t%3D555f072d%26ps%3D933b5bde%26shp%3D7745054a%26shcp%3D9b759fb9%26idc%3Dmy2%26from%3D2001012042%22%7D&sec_user_id=MS4wLjABAAAACfjI9RwYpoCU0gZA3nR0cK1T8s0VI5h9LgXAcXgn1v3FS_d1kwjNT4hIgfbOBImv&share_app_id=1180&share_iid=7596569886113924885&share_link_id=bb47ddc6-04e6-4243-aa68-18ea4e70f9dc&share_region=ID&social_share_type=15&timestamp=1768905691&trackParams=%7B%22traffic_source_list%22%3A%5B6%5D%2C%22traffic_source%22%3A6%2C%22enable_shop_tab_popup%22%3A1%2C%22device_id%22%3A%227454827688466548241%22%7D&u_code=ehk0fl5g9j7jb1&ug_btm=b0482%2Cb6661&ugbiz_name=UNKNOWN&unique_id=randompulse&user_id=7448142558889821204&utm_campaign=client_share&utm_medium=android&utm_source=copy 
[2026-01-20T12:59:19.297Z] [INFO] Analyzing Tokopedia page... 
[2026-01-20T12:59:34.319Z] [WARN] Tokopedia selector timeout 
[2026-01-20T12:59:34.326Z] [INFO] Scraping Result: {"title":"Security Check","description":"","image":"","price":""}
[2026-01-20T12:59:34.331Z] [INFO] Closing Browser... 
[2026-01-20T13:00:16.022Z] [INFO] Starting scrape for: https://vt.tokopedia.com/t/ZSHoqHN39JrCq-vWsl0/ 
[2026-01-20T13:00:16.028Z] [INFO] Launching Puppeteer browser... 
[2026-01-20T13:00:16.896Z] [INFO] Navigating to Page... 
[2026-01-20T13:00:18.350Z] [INFO] Page Navigation Complete (DOM Content Loaded) 
[2026-01-20T13:00:52.214Z] [INFO] Debug screenshot saved: \\wsl.localhost\Ubuntu-22.04\home\alice\Randompulse-Landingpage\server\public\debug.png 
[2026-01-20T13:00:52.222Z] [INFO] Final URL: https://shop-id.tokopedia.com/view/product/1729588042869475489?_svg=1&chain_key=%7B%22t%22%3A1%2C%22k%22%3A%22000000000000000007597392057892407060%22%2C%22sc%22%3A%22copy%22%7D&checksum=dc15466103d0380bded40f18afe7e9561f7809f5da63866accf35bd0a4cb25ef&encode_params=MIIBUwQMyywlgqtG1jwqKoGqBIIBLwxXzE2pb-0APJcl0rion0QKYSNIiwQFAYaZpkeHHRHFkjH4r6X9VoR1YyStwgZ5hSzhCAbBfDvkuqiBghHC7Wf1kvw-3RSp5axnM7fQEPVEKwCeb3b7LkIa3M-m2aRZpV_sJ-ssxuB94g89S6Mgezs8bCMlYhay0DEzyZBKXf_Yd3MpRClbDMcwqlD2blKkRKdfROOVjonWNYSHj0dNmngKVUYF16G6hZiKJeEk8W1rdLKPRCLNUiv26CFLV8sDOUx1qmwIklL1d5UQtmoWeecodqcTEuOaEvtQw_8_rKkvfB7Gt0ZkpbegP7S7DQVyX-Ek2r0yMoQnmMoYpMJ4uNRRDKsxCi7d0uN0GqVuCNsBcotKkV9K2-8dSlqN3yMSiOEs6mkBovozd-wFxycycgQQfDWHIdB_GDHYBlTkpdVyMg%3D%3D&og_info=%7B%22title%22%3A%22WTD+%5B28-44%5D+Celana+Cargo+Panjang+Pria+Dan+Wanita+Dewasa+Murah+Model+Slimfit%22%2C%22image%22%3A%22https%3A%5C%2F%5C%2Fp16-oec-va.ibyteimg.com%5C%2Ftos-maliva-i-o3syd03w52-us%5C%2F42a2f51fb3af4a0d969f6c152c0eec02~tplv-o3syd03w52-resize-webp%3A260%3A260.webp%3Fdr%3D15582%26t%3D555f072d%26ps%3D933b5bde%26shp%3D7745054a%26shcp%3D9b759fb9%26idc%3Dmy2%26from%3D2001012042%22%7D&sec_user_id=MS4wLjABAAAACfjI9RwYpoCU0gZA3nR0cK1T8s0VI5h9LgXAcXgn1v3FS_d1kwjNT4hIgfbOBImv&share_app_id=1180&share_iid=7596569886113924885&share_link_id=bb47ddc6-04e6-4243-aa68-18ea4e70f9dc&share_region=ID&social_share_type=15&timestamp=1768905691&trackParams=%7B%22traffic_source_list%22%3A%5B6%5D%2C%22traffic_source%22%3A6%2C%22enable_shop_tab_popup%22%3A1%2C%22device_id%22%3A%227454827688466548241%22%7D&u_code=ehk0fl5g9j7jb1&ug_btm=b0482%2Cb6661&ugbiz_name=UNKNOWN&unique_id=randompulse&user_id=7448142558889821204&utm_campaign=client_share&utm_medium=android&utm_source=copy 
[2026-01-20T13:00:52.229Z] [INFO] Analyzing Tokopedia page... 
[2026-01-20T13:01:07.241Z] [WARN] Tokopedia selector timeout 
[2026-01-20T13:01:07.262Z] [INFO] Scraping Result: {"title":"Security Check","description":"","image":"","price":""}
[2026-01-20T13:01:07.278Z] [INFO] Closing Browser... 
[2026-01-20T13:01:46.195Z] [INFO] Starting scrape for: https://vt.tokopedia.com/t/ZSHoqHN39JrCq-vWsl0/ 
[2026-01-20T13:01:46.201Z] [INFO] Launching Puppeteer browser... 
[2026-01-20T13:01:46.817Z] [INFO] Navigating to Page... 
[2026-01-20T13:01:48.510Z] [INFO] Page Navigation Complete (DOM Content Loaded) 
[2026-01-20T13:02:20.894Z] [INFO] Debug screenshot saved: \\wsl.localhost\Ubuntu-22.04\home\alice\Randompulse-Landingpage\server\public\debug.png 
[2026-01-20T13:02:20.901Z] [INFO] Final URL: https://shop-id.tokopedia.com/view/product/1729588042869475489?_svg=1&chain_key=%7B%22t%22%3A1%2C%22k%22%3A%22000000000000000007597392057892407060%22%2C%22sc%22%3A%22copy%22%7D&checksum=dc15466103d0380bded40f18afe7e9561f7809f5da63866accf35bd0a4cb25ef&encode_params=MIIBUwQMyywlgqtG1jwqKoGqBIIBLwxXzE2pb-0APJcl0rion0QKYSNIiwQFAYaZpkeHHRHFkjH4r6X9VoR1YyStwgZ5hSzhCAbBfDvkuqiBghHC7Wf1kvw-3RSp5axnM7fQEPVEKwCeb3b7LkIa3M-m2aRZpV_sJ-ssxuB94g89S6Mgezs8bCMlYhay0DEzyZBKXf_Yd3MpRClbDMcwqlD2blKkRKdfROOVjonWNYSHj0dNmngKVUYF16G6hZiKJeEk8W1rdLKPRCLNUiv26CFLV8sDOUx1qmwIklL1d5UQtmoWeecodqcTEuOaEvtQw_8_rKkvfB7Gt0ZkpbegP7S7DQVyX-Ek2r0yMoQnmMoYpMJ4uNRRDKsxCi7d0uN0GqVuCNsBcotKkV9K2-8dSlqN3yMSiOEs6mkBovozd-wFxycycgQQfDWHIdB_GDHYBlTkpdVyMg%3D%3D&og_info=%7B%22title%22%3A%22WTD+%5B28-44%5D+Celana+Cargo+Panjang+Pria+Dan+Wanita+Dewasa+Murah+Model+Slimfit%22%2C%22image%22%3A%22https%3A%5C%2F%5C%2Fp16-oec-va.ibyteimg.com%5C%2Ftos-maliva-i-o3syd03w52-us%5C%2F42a2f51fb3af4a0d969f6c152c0eec02~tplv-o3syd03w52-resize-webp%3A260%3A260.webp%3Fdr%3D15582%26t%3D555f072d%26ps%3D933b5bde%26shp%3D7745054a%26shcp%3D9b759fb9%26idc%3Dmy2%26from%3D2001012042%22%7D&sec_user_id=MS4wLjABAAAACfjI9RwYpoCU0gZA3nR0cK1T8s0VI5h9LgXAcXgn1v3FS_d1kwjNT4hIgfbOBImv&share_app_id=1180&share_iid=7596569886113924885&share_link_id=bb47ddc6-04e6-4243-aa68-18ea4e70f9dc&share_region=ID&social_share_type=15&timestamp=1768905691&trackParams=%7B%22traffic_source_list%22%3A%5B6%5D%2C%22traffic_source%22%3A6%2C%22enable_shop_tab_popup%22%3A1%2C%22device_id%22%3A%227454827688466548241%22%7D&u_code=ehk0fl5g9j7jb1&ug_btm=b0482%2Cb6661&ugbiz_name=UNKNOWN&unique_id=randompulse&user_id=7448142558889821204&utm_campaign=client_share&utm_medium=android&utm_source=copy 
[2026-01-20T13:02:20.909Z] [INFO] Analyzing Tokopedia page... 
[2026-01-20T13:02:35.918Z] [WARN] Tokopedia selector timeout 
[2026-01-20T13:02:35.939Z] [INFO] Scraping Result: {"title":"WTD [28-44] Celana Cargo Panjang Pria Dan Wanita Dewasa Murah Model Slimfit","description":"","image":"https://p16-oec-va.ibyteimg.com/tos-maliva-i-o3syd03w52-us/42a2f51fb3af4a0d969f6c152c0eec02~tplv-o3syd03w52-resize-webp:260:260.webp?dr=15582&t=555f072d&ps=933b5bde&shp=7745054a&shcp=9b759fb9&idc=my2&from=2001012042","price":""}
[2026-01-20T13:02:35.956Z] [INFO] Closing Browser... 
[2026-01-20T13:20:44.452Z] [INFO] Starting scrape for: https://tk.tokopedia.com/ZSaYDT245/ 
[2026-01-20T13:20:44.459Z] [INFO] Launching Puppeteer browser... 
[2026-01-20T13:20:44.625Z] [ERROR] Scrape Error: Failed to launch the browser process:  Code: 127

stderr:
/home/alice/.cache/puppeteer/chrome/linux-143.0.7499.192/chrome-linux64/chrome: error while loading shared libraries: libnspr4.so: cannot open shared object file: No such file or directory

TROUBLESHOOTING: https://pptr.dev/troubleshooting
 {"stack":"Error: Failed to launch the browser process:  Code: 127\n\nstderr:\n/home/alice/.cache/puppeteer/chrome/linux-143.0.7499.192/chrome-linux64/chrome: error while loading shared libraries: libnspr4.so: cannot open shared object file: No such file or directory\n\nTROUBLESHOOTING: https://pptr.dev/troubleshooting\n\n    at ChildProcess.onClose (/home/alice/Randompulse-Landingpage/node_modules/@puppeteer/browsers/lib/cjs/launch.js:340:24)\n    at ChildProcess.emit (node:events:520:35)\n    at ChildProcess._handle.onexit (node:internal/child_process:294:12)"}
[2026-01-20T13:21:17.381Z] [INFO] Starting scrape for: https://tk.tokopedia.com/ZSaYDT245/ 
[2026-01-20T13:21:17.391Z] [INFO] Launching Puppeteer browser... 
[2026-01-20T13:21:17.530Z] [ERROR] Scrape Error: Failed to launch the browser process:  Code: 127

stderr:
/home/alice/.cache/puppeteer/chrome/linux-143.0.7499.192/chrome-linux64/chrome: error while loading shared libraries: libnspr4.so: cannot open shared object file: No such file or directory

TROUBLESHOOTING: https://pptr.dev/troubleshooting
 {"stack":"Error: Failed to launch the browser process:  Code: 127\n\nstderr:\n/home/alice/.cache/puppeteer/chrome/linux-143.0.7499.192/chrome-linux64/chrome: error while loading shared libraries: libnspr4.so: cannot open shared object file: No such file or directory\n\nTROUBLESHOOTING: https://pptr.dev/troubleshooting\n\n    at ChildProcess.onClose (/home/alice/Randompulse-Landingpage/node_modules/@puppeteer/browsers/lib/cjs/launch.js:340:24)\n    at ChildProcess.emit (node:events:520:35)\n    at ChildProcess._handle.onexit (node:internal/child_process:294:12)"}
[2026-01-20T13:21:25.334Z] [INFO] Starting scrape for: https://id.shp.ee/EMd8qqS 
[2026-01-20T13:21:25.337Z] [INFO] Launching Puppeteer browser... 
[2026-01-20T13:21:25.426Z] [ERROR] Scrape Error: Failed to launch the browser process:  Code: 127

stderr:
/home/alice/.cache/puppeteer/chrome/linux-143.0.7499.192/chrome-linux64/chrome: error while loading shared libraries: libnspr4.so: cannot open shared object file: No such file or directory

TROUBLESHOOTING: https://pptr.dev/troubleshooting
 {"stack":"Error: Failed to launch the browser process:  Code: 127\n\nstderr:\n/home/alice/.cache/puppeteer/chrome/linux-143.0.7499.192/chrome-linux64/chrome: error while loading shared libraries: libnspr4.so: cannot open shared object file: No such file or directory\n\nTROUBLESHOOTING: https://pptr.dev/troubleshooting\n\n    at ChildProcess.onClose (/home/alice/Randompulse-Landingpage/node_modules/@puppeteer/browsers/lib/cjs/launch.js:340:24)\n    at ChildProcess.emit (node:events:520:35)\n    at ChildProcess._handle.onexit (node:internal/child_process:294:12)"}
[2026-01-20T13:30:07.567Z] [INFO] Starting scrape for: https://tk.tokopedia.com/ZSaYDT245/ 
[2026-01-20T13:30:07.580Z] [INFO] Launching Puppeteer browser... 
[2026-01-20T13:30:07.813Z] [ERROR] Scrape Error: Failed to launch the browser process:  Code: 127

stderr:
/home/alice/.cache/puppeteer/chrome/linux-143.0.7499.192/chrome-linux64/chrome: error while loading shared libraries: libasound.so.2: cannot open shared object file: No such file or directory

TROUBLESHOOTING: https://pptr.dev/troubleshooting
 {"stack":"Error: Failed to launch the browser process:  Code: 127\n\nstderr:\n/home/alice/.cache/puppeteer/chrome/linux-143.0.7499.192/chrome-linux64/chrome: error while loading shared libraries: libasound.so.2: cannot open shared object file: No such file or directory\n\nTROUBLESHOOTING: https://pptr.dev/troubleshooting\n\n    at ChildProcess.onClose (/home/alice/Randompulse-Landingpage/node_modules/@puppeteer/browsers/lib/cjs/launch.js:340:24)\n    at ChildProcess.emit (node:events:520:35)\n    at ChildProcess._handle.onexit (node:internal/child_process:294:12)"}
[2026-01-20T13:31:07.006Z] [INFO] Starting scrape for: https://tk.tokopedia.com/ZSaYDT245/ 
[2026-01-20T13:31:07.007Z] [INFO] Launching Puppeteer browser... 
[2026-01-20T13:31:34.074Z] [INFO] Navigating to Page... 
[2026-01-20T13:31:39.288Z] [INFO] Page Navigation Complete (DOM Content Loaded) 
[2026-01-20T13:31:58.813Z] [INFO] Debug screenshot saved: /home/alice/Randompulse-Landingpage/server/public/debug.png 
[2026-01-20T13:31:58.814Z] [INFO] Final URL: https://www.tokopedia.com/acecom22/ram-kingston-longdimm-pc-ddr4-16gb-pc-21300-2666mhz-1731358876536833120?aff_unique_id=VjgEDra3bnLP9OF21Ku1JdlqQXOZHHyIKEFM4cQ2UxrvYc0TQ3iOlf70qGS1DPDcdbMIRTA%3D&channel=salinlink&utm_source=salinlink&utm_medium=affiliate-share&utm_campaign=affiliateshare-pdp-VjgEDra3bnLP9OF21Ku1JdlqQXOZHHyIKEFM4cQ2UxrvYc0TQ3iOlf70qGS1DPDcdbMIRTA%3D-598193298-0-200126&scene=pdp&chain_key=%7B%22t%22%3A1%2C%22k%22%3A%22000000000000000007597391361327417108%22%2C%22sc%22%3A%22salinlink%22%7D 
[2026-01-20T13:31:58.815Z] [INFO] Analyzing Tokopedia page... 
[2026-01-20T13:31:58.831Z] [INFO] Tokopedia selector found! 
[2026-01-20T13:31:58.834Z] [INFO] Scraping Result: {"title":"RAM KINGSTON LONGDIMM / PC DDR4 16GB PC 21300 / 2666MHz","description":"Beli RAM KINGSTON LONGDIMM / PC DDR4 16GB PC 21300 / 2666MHz di ACECOMPUTER_NEW. Bebas ongkir dan promo khusus pengguna baru di aplikasi Tokopedia!","image":"https://p16-images-sign-sg.tokopedia-static.net/tos-alisg-i-aphluv4xwc-sg/img/product-1/2020/8/15/598193298/598193298_b74e8ed1-4137-419b-badf-c885a2285aeb_1024_1024.jpg~tplv-aphluv4xwc-resize-jpeg:700:0.jpeg?lk3s=0ccea506&x-expires=1768926715&x-signature=78oxoYS%2BxO%2BEKfhvJSmJLYeorsY%3D&x-signature-webp=iIyW1KGL5aaAN9S3BV%2BmqwcQ5Kg%3D","price":"Rp1.500.000"}
[2026-01-20T13:31:58.836Z] [INFO] Closing Browser... 
[2026-01-20T14:01:26.771Z] [INFO] Starting scrape for: https://id.shp.ee/EMd8qqS 
[2026-01-20T14:01:26.779Z] [INFO] Launching Puppeteer browser... 
[2026-01-20T14:01:43.067Z] [INFO] Navigating to Page... 
[2026-01-20T14:01:44.766Z] [INFO] Page Navigation Complete (DOM Content Loaded) 
[2026-01-20T14:02:02.379Z] [INFO] Debug screenshot saved: /home/alice/Randompulse-Landingpage/server/public/debug.png 
[2026-01-20T14:02:02.379Z] [INFO] Final URL: https://shopee.co.id/product/1107924286/27338426218?d_id=c3123&uls_trackid=54np4df001r9&utm_content=41VkqwguwWSURTt5GrTyatFDLwy1 
[2026-01-20T14:02:02.379Z] [INFO] Analyzing Shopee page... 
[2026-01-20T14:02:17.380Z] [WARN] Shopee selector timeout (might still have JSON-LD) 
[2026-01-20T14:02:17.403Z] [INFO] Scraping Result: {"title":"Shopee Indonesia | Situs Belanja Online Terlengkap & Terpercaya","description":"","image":"","price":"","isUnavailable":false}
[2026-01-20T14:02:17.405Z] [INFO] Closing Browser... 
[2026-01-20T14:04:20.087Z] [INFO] Starting scrape for: https://id.shp.ee/EMd8qqS 
[2026-01-20T14:04:20.089Z] [INFO] Launching Puppeteer browser... 
[2026-01-20T14:04:24.255Z] [INFO] Navigating to Page... 
[2026-01-20T14:04:25.487Z] [INFO] Page Navigation Complete (DOM Content Loaded) 
[2026-01-20T14:04:44.211Z] [INFO] Debug screenshot saved: /home/alice/Randompulse-Landingpage/server/public/debug.png 
[2026-01-20T14:04:44.211Z] [INFO] Final URL: https://shopee.co.id/verify/traffic/error?home_url=https%3A%2F%2Fshopee.co.id&is_logged_in=true&tracking_id=8689ac1adc7-fb0e-40b7-9842-c3c6e67011d3 
[2026-01-20T14:04:44.834Z] [WARN] Shopee API fetch failed: Request failed with status code 403 
[2026-01-20T14:04:44.837Z] [INFO] Analyzing Shopee page... 
[2026-01-20T14:04:59.849Z] [WARN] Shopee selector timeout (might still have JSON-LD) 
[2026-01-20T14:04:59.863Z] [INFO] Scraping Result: {"title":"Shopee Indonesia | Situs Belanja Online Terlengkap & Terpercaya","description":"","image":"","price":"","isUnavailable":false}
[2026-01-20T14:04:59.866Z] [INFO] Closing Browser... 
[2026-01-20T14:06:55.408Z] [INFO] Starting scrape for: https://id.shp.ee/EMd8qqS 
[2026-01-20T14:06:55.409Z] [INFO] Launching Puppeteer browser... 
[2026-01-20T14:06:59.618Z] [INFO] Navigating to Page... 
[2026-01-20T14:07:12.361Z] [INFO] Page Navigation Complete (DOM Content Loaded) 
[2026-01-20T14:07:18.823Z] [INFO] Debug screenshot saved: /home/alice/Randompulse-Landingpage/server/public/debug.png 
[2026-01-20T14:07:18.823Z] [INFO] Final URL: https://shopee.co.id/verify/traffic/error?home_url=https%3A%2F%2Fshopee.co.id&is_logged_in=true&tracking_id=900b5835629-51bd-4721-bff9-ee8412cfe4f7 
[2026-01-20T14:07:19.527Z] [WARN] Shopee API fetch failed: Request failed with status code 403 
[2026-01-20T14:07:19.528Z] [INFO] Analyzing Shopee page... 
[2026-01-20T14:09:19.536Z] [WARN] Shopee selector timeout (might still have JSON-LD) 
[2026-01-20T14:09:19.542Z] [INFO] Scraping Result: {"title":"Shopee Indonesia | Situs Belanja Online Terlengkap & Terpercaya","description":"","image":"","price":"","isUnavailable":false}
[2026-01-20T14:09:19.543Z] [INFO] Closing Browser... 
[2026-01-20T14:09:38.194Z] [INFO] Starting scrape for: https://id.shp.ee/EMd8qqS 
[2026-01-20T14:09:38.199Z] [INFO] Launching Puppeteer browser... 
[2026-01-20T14:09:42.400Z] [INFO] Navigating to Page... 
[2026-01-20T14:09:43.978Z] [INFO] Page Navigation Complete (DOM Content Loaded) 
[2026-01-20T14:10:14.069Z] [INFO] Debug screenshot saved: /home/alice/Randompulse-Landingpage/server/public/debug.png 
[2026-01-20T14:10:14.070Z] [INFO] Final URL: https://shopee.co.id/verify/traffic/error?home_url=https%3A%2F%2Fshopee.co.id&is_logged_in=true&tracking_id=9108fed8e40-8842-4955-952e-d095e579719a 
[2026-01-20T14:10:14.670Z] [WARN] Shopee API fetch failed: Request failed with status code 403 
[2026-01-20T14:10:14.672Z] [INFO] Analyzing Shopee page... 
[2026-01-20T14:10:27.461Z] [INFO] Starting scrape for: https://id.shp.ee/EMd8qqS 
[2026-01-20T14:10:27.463Z] [INFO] Launching Puppeteer browser... 
[2026-01-20T14:10:35.305Z] [INFO] Navigating to Page... 
[2026-01-20T14:10:37.072Z] [INFO] Page Navigation Complete (DOM Content Loaded) 
[2026-01-20T14:10:59.144Z] [INFO] Debug screenshot saved: /home/alice/Randompulse-Landingpage/server/public/debug.png 
[2026-01-20T14:10:59.145Z] [INFO] Final URL: https://shopee.co.id/verify/traffic/error?home_url=https%3A%2F%2Fshopee.co.id&is_logged_in=true&tracking_id=4060972c763-6430-4dc2-b92c-5149881e6a7b 
[2026-01-20T14:10:59.869Z] [WARN] Shopee API fetch failed: Request failed with status code 403 
[2026-01-20T14:10:59.870Z] [INFO] Analyzing Shopee page... 
[2026-01-20T14:12:13.843Z] [WARN] Shopee selector timeout (might still have JSON-LD) 
[2026-01-20T14:12:13.939Z] [ERROR] Scrape Error: Execution context was destroyed {"stack":"Error: Execution context was destroyed\n    at #waitForExecutionContext (/home/alice/Randompulse-Landingpage/node_modules/puppeteer-core/lib/cjs/puppeteer/cdp/IsolatedWorld.js:73:23)\n    at IsolatedWorld.evaluate (/home/alice/Randompulse-Landingpage/node_modules/puppeteer-core/lib/cjs/puppeteer/cdp/IsolatedWorld.js:98:58)\n    at CdpFrame.evaluate (/home/alice/Randompulse-Landingpage/node_modules/puppeteer-core/lib/cjs/puppeteer/api/Frame.js:362:43)\n    at CdpFrame.<anonymous> (/home/alice/Randompulse-Landingpage/node_modules/puppeteer-core/lib/cjs/puppeteer/util/decorators.js:109:27)\n    at CdpPage.evaluate (/home/alice/Randompulse-Landingpage/node_modules/puppeteer-core/lib/cjs/puppeteer/api/Page.js:826:43)\n    at scrapeShopee (/home/alice/Randompulse-Landingpage/server/services/scrapeService.js:240:23)\n    at async Object.scrapeUrl (/home/alice/Randompulse-Landingpage/server/services/scrapeService.js:403:20)\n    at async scrapeUrl (/home/alice/Randompulse-Landingpage/server/controllers/scrapeController.js:8:22)"}
[2026-01-20T14:12:13.940Z] [INFO] Closing Browser... 
[2026-01-20T14:12:35.418Z] [INFO] Starting scrape for: https://s.shopee.co.id/1Vt5TXzQUE 
[2026-01-20T14:12:35.422Z] [INFO] Launching Puppeteer browser... 
[2026-01-20T14:12:40.034Z] [INFO] Navigating to Page... 
[2026-01-20T14:12:53.164Z] [INFO] Page Navigation Complete (DOM Content Loaded) 
[2026-01-20T14:13:16.776Z] [INFO] Debug screenshot saved: /home/alice/Randompulse-Landingpage/server/public/debug.png 
[2026-01-20T14:13:16.777Z] [INFO] Final URL: https://shopee.co.id/product/540383816/13227901923?affiliate_seller_voucher_token=8bCnE5QAm6AYZN35idDYm3dTs5UBipLxVv62J6jBSM&gads_t_sig=VTJGc2RHVmtYMTlxTFVSVVRrdENkWVp3RFo3Mkw5czd4Z0hzdEF1WVFibGsyOE9iWHRDYXMyR2RNRzhsUGcyOTJRRnZGVnk3dGdyR1FMS2FNeXZ4REZPQk14cjJmUDVJN042eEx3M01QQkhEU2JoQVBWTkt3UGk0SnQxd1AveFRUTkovdkJUdnFNcHc2U29iclZMNWJMUXB2VmRmc2UrcWw5SG1icUo2dnpnPQ&mmp_pid=an_11345031640&uls_trackid=54np6dmm01qd&utm_campaign=id_pKFSG8lfyt&utm_content=----&utm_medium=affiliates&utm_source=an_11345031640&utm_term=ebbc489vb2pf 
[2026-01-20T14:13:16.777Z] [INFO] Analyzing Shopee page... 
[2026-01-20T14:13:35.662Z] [INFO] Shopee selector found! 
[2026-01-20T14:13:35.670Z] [INFO] Scraping Result: {"title":"Shopee Indonesia | Situs Belanja Online Terlengkap & Terpercaya","description":"","image":"","price":"","isUnavailable":false}
[2026-01-20T14:13:35.670Z] [INFO] Closing Browser... 
